<?xml version="1.0" encoding="UTF-8"?>
<testng-results ignored="0" total="4" passed="4" failed="0" skipped="0">
  <reporter-output>
  </reporter-output>
  <suite started-at="2022-05-13T11:09:11 IST" name="Default suite" finished-at="2022-05-13T11:09:11 IST" duration-ms="99">
    <groups>
    </groups>
    <test started-at="2022-05-13T11:09:11 IST" name="Default test" finished-at="2022-05-13T11:09:11 IST" duration-ms="99">
      <class name="test.java.Com.qa.sel.AmazonProject.AmazonLoginTestNG">
        <test-method is-config="true" signature="browserlaunch()[pri:0, instance:test.java.Com.qa.sel.AmazonProject.AmazonLoginTestNG@957e06]" started-at="2022-05-13T11:09:11 IST" name="browserlaunch" finished-at="2022-05-13T11:09:11 IST" duration-ms="16" status="PASS">
          <reporter-output>
          </reporter-output>
        </test-method> <!-- browserlaunch -->
        <test-method is-config="true" signature="login()[pri:0, instance:test.java.Com.qa.sel.AmazonProject.AmazonLoginTestNG@957e06]" started-at="2022-05-13T11:09:11 IST" name="login" finished-at="2022-05-13T11:09:11 IST" duration-ms="1" status="PASS">
          <reporter-output>
          </reporter-output>
        </test-method> <!-- login -->
        <test-method signature="launchapp()[pri:1, instance:test.java.Com.qa.sel.AmazonProject.AmazonLoginTestNG@957e06]" started-at="2022-05-13T11:09:11 IST" name="launchapp" finished-at="2022-05-13T11:09:11 IST" duration-ms="15" status="PASS">
          <reporter-output>
          </reporter-output>
        </test-method> <!-- launchapp -->
        <test-method signature="homepage()[pri:2, instance:test.java.Com.qa.sel.AmazonProject.AmazonLoginTestNG@957e06]" started-at="2022-05-13T11:09:11 IST" name="homepage" finished-at="2022-05-13T11:09:11 IST" duration-ms="1" status="PASS">
          <reporter-output>
          </reporter-output>
        </test-method> <!-- homepage -->
        <test-method signature="usermanagement()[pri:3, instance:test.java.Com.qa.sel.AmazonProject.AmazonLoginTestNG@957e06]" started-at="2022-05-13T11:09:11 IST" name="usermanagement" finished-at="2022-05-13T11:09:11 IST" duration-ms="7" status="PASS">
          <reporter-output>
          </reporter-output>
        </test-method> <!-- usermanagement -->
        <test-method signature="AddItem()[pri:4, instance:test.java.Com.qa.sel.AmazonProject.AmazonLoginTestNG@957e06]" started-at="2022-05-13T11:09:11 IST" name="AddItem" finished-at="2022-05-13T11:09:11 IST" duration-ms="2" status="PASS">
          <reporter-output>
          </reporter-output>
        </test-method> <!-- AddItem -->
        <test-method is-config="true" signature="logout()[pri:0, instance:test.java.Com.qa.sel.AmazonProject.AmazonLoginTestNG@957e06]" started-at="2022-05-13T11:09:11 IST" name="logout" finished-at="2022-05-13T11:09:11 IST" duration-ms="0" status="PASS">
          <reporter-output>
          </reporter-output>
        </test-method> <!-- logout -->
      </class> <!-- test.java.Com.qa.sel.AmazonProject.AmazonLoginTestNG -->
    </test> <!-- Default test -->
  </suite> <!-- Default suite -->
</testng-results>
