<?xml version="1.0" encoding="UTF-8"?>
<!-- Generated by org.testng.reporters.JUnitXMLReporter -->
<testsuite ignored="0" hostname="DESKTOP-0UROFON" failures="0" tests="4" name="Default test" time="0.099" errors="0" timestamp="2022-05-13T11:09:11 IST">
  <testcase classname="test.java.Com.qa.sel.AmazonProject.AmazonLoginTestNG" name="launchapp" time="0.015"/>
  <testcase classname="test.java.Com.qa.sel.AmazonProject.AmazonLoginTestNG" name="homepage" time="0.001"/>
  <testcase classname="test.java.Com.qa.sel.AmazonProject.AmazonLoginTestNG" name="usermanagement" time="0.007"/>
  <testcase classname="test.java.Com.qa.sel.AmazonProject.AmazonLoginTestNG" name="AddItem" time="0.002"/>
</testsuite> <!-- Default test -->
